This is pdfTeXk, Version 3.141592-1.40.3 (Web2C 7.5.6) (format=pdflatex 2007.5.18)  14 FEB 2008 17:45
entering extended mode
 file:line:error style messages enabled.
 %&-line parsing enabled.
**\nonstopmode \input /Users/christophedutang/Documents/Ensimag_2A/projetSPE/sp
e/submittoCRAN/rhosp/inst/doc/rhosp.tex

(/Users/christophedutang/Documents/Ensimag_2A/projetSPE/spe/submittoCRAN/rhosp/
inst/doc/rhosp.tex
(/usr/local/texlive/2007/texmf-dist/tex/latex/base/article.cls
Document Class: article 2005/09/16 v1.4f Standard LaTeX document class
(/usr/local/texlive/2007/texmf-dist/tex/latex/base/size12.clo
File: size12.clo 2005/09/16 v1.4f Standard LaTeX file (size option)
)
\c@part=\count79
\c@section=\count80
\c@subsection=\count81
\c@subsubsection=\count82
\c@paragraph=\count83
\c@subparagraph=\count84
\c@figure=\count85
\c@table=\count86
\abovecaptionskip=\skip41
\belowcaptionskip=\skip42
\bibindent=\dimen102
)
(/usr/local/texlive/2007/texmf-dist/tex/latex/graphics/epsfig.sty
Package: epsfig 1999/02/16 v1.7a (e)psfig emulation (SPQR)

(/usr/local/texlive/2007/texmf-dist/tex/latex/graphics/graphicx.sty
Package: graphicx 1999/02/16 v1.0f Enhanced LaTeX Graphics (DPC,SPQR)

(/usr/local/texlive/2007/texmf-dist/tex/latex/graphics/keyval.sty
Package: keyval 1999/03/16 v1.13 key=value parser (DPC)
\KV@toks@=\toks14
)
(/usr/local/texlive/2007/texmf-dist/tex/latex/graphics/graphics.sty
Package: graphics 2006/02/20 v1.0o Standard LaTeX Graphics (DPC,SPQR)

(/usr/local/texlive/2007/texmf-dist/tex/latex/graphics/trig.sty
Package: trig 1999/03/16 v1.09 sin cos tan (DPC)
)
(/usr/local/texlive/2007/texmf/tex/latex/config/graphics.cfg
File: graphics.cfg 2007/01/18 v1.5 graphics configuration of teTeX/TeXLive
)
Package graphics Info: Driver file: pdftex.def on input line 90.

(/usr/local/texlive/2007/texmf-dist/tex/latex/pdftex-def/pdftex.def
File: pdftex.def 2007/01/08 v0.04d Graphics/color for pdfTeX
\Gread@gobject=\count87
))
\Gin@req@height=\dimen103
\Gin@req@width=\dimen104
)
\epsfxsize=\dimen105
\epsfysize=\dimen106
)
(/usr/local/texlive/2007/texmf-dist/tex/latex/base/latexsym.sty
Package: latexsym 1998/08/17 v2.2e Standard LaTeX package (lasy symbols)
\symlasy=\mathgroup4
LaTeX Font Info:    Overwriting symbol font `lasy' in version `bold'
(Font)                  U/lasy/m/n --> U/lasy/b/n on input line 47.
)
(/usr/local/texlive/2007/texmf-dist/tex/latex/amsmath/amsxtra.sty
Package: amsxtra 1999/11/15 v1.2c

(/usr/local/texlive/2007/texmf-dist/tex/latex/amsmath/amsmath.sty
Package: amsmath 2000/07/18 v2.13 AMS math features
\@mathmargin=\skip43

For additional information on amsmath, use the `?' option.
(/usr/local/texlive/2007/texmf-dist/tex/latex/amsmath/amstext.sty
Package: amstext 2000/06/29 v2.01

(/usr/local/texlive/2007/texmf-dist/tex/latex/amsmath/amsgen.sty
File: amsgen.sty 1999/11/30 v2.0
\@emptytoks=\toks15
\ex@=\dimen107
))
(/usr/local/texlive/2007/texmf-dist/tex/latex/amsmath/amsbsy.sty
Package: amsbsy 1999/11/29 v1.2d
\pmbraise@=\dimen108
)
(/usr/local/texlive/2007/texmf-dist/tex/latex/amsmath/amsopn.sty
Package: amsopn 1999/12/14 v2.01 operator names
)
\inf@bad=\count88
LaTeX Info: Redefining \frac on input line 211.
\uproot@=\count89
\leftroot@=\count90
LaTeX Info: Redefining \overline on input line 307.
\classnum@=\count91
\DOTSCASE@=\count92
LaTeX Info: Redefining \ldots on input line 379.
LaTeX Info: Redefining \dots on input line 382.
LaTeX Info: Redefining \cdots on input line 467.
\Mathstrutbox@=\box26
\strutbox@=\box27
\big@size=\dimen109
LaTeX Font Info:    Redeclaring font encoding OML on input line 567.
LaTeX Font Info:    Redeclaring font encoding OMS on input line 568.
\macc@depth=\count93
\c@MaxMatrixCols=\count94
\dotsspace@=\muskip10
\c@parentequation=\count95
\dspbrk@lvl=\count96
\tag@help=\toks16
\row@=\count97
\column@=\count98
\maxfields@=\count99
\andhelp@=\toks17
\eqnshift@=\dimen110
\alignsep@=\dimen111
\tagshift@=\dimen112
\tagwidth@=\dimen113
\totwidth@=\dimen114
\lineht@=\dimen115
\@envbody=\toks18
\multlinegap=\skip44
\multlinetaggap=\skip45
\mathdisplay@stack=\toks19
LaTeX Info: Redefining \[ on input line 2666.
LaTeX Info: Redefining \] on input line 2667.
)
LaTeX Info: Redefining \nobreakspace on input line 77.
)
(/usr/local/texlive/2007/texmf-dist/tex/latex/vmargin/vmargin.sty
Package: vmargin 2004/07/15 V2.5 set document margins (VK)

Package: vmargin 2004/07/15 V2.5 set document margins (VK)
\PaperWidth=\dimen116
\PaperHeight=\dimen117
) (/usr/local/texlive/2007/texmf-dist/tex/latex/amsfonts/amsfonts.sty
Package: amsfonts 2001/10/25 v2.2f
\symAMSa=\mathgroup5
\symAMSb=\mathgroup6
LaTeX Font Info:    Overwriting math alphabet `\mathfrak' in version `bold'
(Font)                  U/euf/m/n --> U/euf/b/n on input line 132.
)
(/usr/local/texlive/2007/texmf-dist/tex/latex/amsfonts/amssymb.sty
Package: amssymb 2002/01/22 v2.2d
)
(/usr/local/texlive/2007/texmf-dist/tex/latex/amscls/amsthm.sty
Package: amsthm 2004/08/06 v2.20
\thm@style=\toks20
\thm@bodyfont=\toks21
\thm@headfont=\toks22
\thm@notefont=\toks23
\thm@headpunct=\toks24
\thm@preskip=\skip46
\thm@postskip=\skip47
\thm@headsep=\skip48
\dth@everypar=\toks25
)
(/usr/local/texlive/2007/texmf-dist/tex/latex/graphics/color.sty
Package: color 2005/11/14 v1.0j Standard LaTeX Color (DPC)

(/usr/local/texlive/2007/texmf/tex/latex/config/color.cfg
File: color.cfg 2007/01/18 v1.5 color configuration of teTeX/TeXLive
)
Package color Info: Driver file: pdftex.def on input line 130.
)
(/usr/local/texlive/2007/texmf-dist/tex/latex/psnfss/courier.sty
Package: courier 2005/04/12 PSNFSS-v9.2a (WaS) 
)
(/usr/local/texlive/2007/texmf-dist/tex/latex/base/newlfont.sty
Package: newlfont 1998/08/17 v2.2m Standard LaTeX package
LaTeX Info: Redefining \em on input line 67.
)
(/Library/Frameworks/R.framework/Resources/share/texmf/Sweave.sty
Package: Sweave 

(/usr/local/texlive/2007/texmf-dist/tex/latex/base/ifthen.sty
Package: ifthen 2001/05/26 v1.1c Standard LaTeX ifthen package (DPC)
)
(/usr/local/texlive/2007/texmf-dist/tex/latex/fancyvrb/fancyvrb.sty
Package: fancyvrb 1998/07/17

Style option: `fancyvrb' v2.6, with DG/SPQR fixes <1998/07/17> (tvz)
\FV@CodeLineNo=\count100
\FV@InFile=\read1
\FV@TabBox=\box28
\c@FancyVerbLine=\count101
\FV@StepNumber=\count102
\FV@OutFile=\write3

No file fancyvrb.cfg.
) (/Library/Frameworks/R.framework/Resources/share/texmf/upquote.sty
Package: upquote 2003/08/11 v1.1 Covington's upright-quote modification to verb
atim and verb

(/usr/local/texlive/2007/texmf-dist/tex/latex/base/textcomp.sty
Package: textcomp 2005/09/27 v1.99g Standard LaTeX package
Package textcomp Info: Sub-encoding information:
(textcomp)               5 = only ISO-Adobe without \textcurrency
(textcomp)               4 = 5 + \texteuro
(textcomp)               3 = 4 + \textohm
(textcomp)               2 = 3 + \textestimated + \textcurrency
(textcomp)               1 = TS1 - \textcircled - \t
(textcomp)               0 = TS1 (full)
(textcomp)             Font families with sub-encoding setting implement
(textcomp)             only a restricted character set as indicated.
(textcomp)             Family '?' is the default used for unknown fonts.
(textcomp)             See the documentation for details.
Package textcomp Info: Setting ? sub-encoding to TS1/1 on input line 71.

(/usr/local/texlive/2007/texmf-dist/tex/latex/base/ts1enc.def
File: ts1enc.def 2001/06/05 v3.0e (jk/car/fm) Standard LaTeX file
)
LaTeX Info: Redefining \oldstylenums on input line 266.
Package textcomp Info: Setting cmr sub-encoding to TS1/0 on input line 281.
Package textcomp Info: Setting cmss sub-encoding to TS1/0 on input line 282.
Package textcomp Info: Setting cmtt sub-encoding to TS1/0 on input line 283.
Package textcomp Info: Setting cmvtt sub-encoding to TS1/0 on input line 284.
Package textcomp Info: Setting cmbr sub-encoding to TS1/0 on input line 285.
Package textcomp Info: Setting cmtl sub-encoding to TS1/0 on input line 286.
Package textcomp Info: Setting ccr sub-encoding to TS1/0 on input line 287.
Package textcomp Info: Setting ptm sub-encoding to TS1/4 on input line 288.
Package textcomp Info: Setting pcr sub-encoding to TS1/4 on input line 289.
Package textcomp Info: Setting phv sub-encoding to TS1/4 on input line 290.
Package textcomp Info: Setting ppl sub-encoding to TS1/3 on input line 291.
Package textcomp Info: Setting pag sub-encoding to TS1/4 on input line 292.
Package textcomp Info: Setting pbk sub-encoding to TS1/4 on input line 293.
Package textcomp Info: Setting pnc sub-encoding to TS1/4 on input line 294.
Package textcomp Info: Setting pzc sub-encoding to TS1/4 on input line 295.
Package textcomp Info: Setting bch sub-encoding to TS1/4 on input line 296.
Package textcomp Info: Setting put sub-encoding to TS1/5 on input line 297.
Package textcomp Info: Setting uag sub-encoding to TS1/5 on input line 298.
Package textcomp Info: Setting ugq sub-encoding to TS1/5 on input line 299.
Package textcomp Info: Setting ul8 sub-encoding to TS1/4 on input line 300.
Package textcomp Info: Setting ul9 sub-encoding to TS1/4 on input line 301.
Package textcomp Info: Setting augie sub-encoding to TS1/5 on input line 302.
Package textcomp Info: Setting dayrom sub-encoding to TS1/3 on input line 303.
Package textcomp Info: Setting dayroms sub-encoding to TS1/3 on input line 304.

Package textcomp Info: Setting pxr sub-encoding to TS1/0 on input line 305.
Package textcomp Info: Setting pxss sub-encoding to TS1/0 on input line 306.
Package textcomp Info: Setting pxtt sub-encoding to TS1/0 on input line 307.
Package textcomp Info: Setting txr sub-encoding to TS1/0 on input line 308.
Package textcomp Info: Setting txss sub-encoding to TS1/0 on input line 309.
Package textcomp Info: Setting txtt sub-encoding to TS1/0 on input line 310.
Package textcomp Info: Setting futs sub-encoding to TS1/4 on input line 311.
Package textcomp Info: Setting futx sub-encoding to TS1/4 on input line 312.
Package textcomp Info: Setting futj sub-encoding to TS1/4 on input line 313.
Package textcomp Info: Setting hlh sub-encoding to TS1/3 on input line 314.
Package textcomp Info: Setting hls sub-encoding to TS1/3 on input line 315.
Package textcomp Info: Setting hlst sub-encoding to TS1/3 on input line 316.
Package textcomp Info: Setting hlct sub-encoding to TS1/5 on input line 317.
Package textcomp Info: Setting hlx sub-encoding to TS1/5 on input line 318.
Package textcomp Info: Setting hlce sub-encoding to TS1/5 on input line 319.
Package textcomp Info: Setting hlcn sub-encoding to TS1/5 on input line 320.
Package textcomp Info: Setting hlcw sub-encoding to TS1/5 on input line 321.
Package textcomp Info: Setting hlcf sub-encoding to TS1/5 on input line 322.
Package textcomp Info: Setting pplx sub-encoding to TS1/3 on input line 323.
Package textcomp Info: Setting pplj sub-encoding to TS1/3 on input line 324.
Package textcomp Info: Setting ptmx sub-encoding to TS1/4 on input line 325.
Package textcomp Info: Setting ptmj sub-encoding to TS1/4 on input line 326.
)))
(/usr/local/texlive/2007/texmf-dist/tex/latex/base/inputenc.sty
Package: inputenc 2006/05/05 v1.1b Input encoding file
\inpenc@prehook=\toks26
\inpenc@posthook=\toks27

(/usr/local/texlive/2007/texmf-dist/tex/latex/base/latin1.def
File: latin1.def 2006/05/05 v1.1b Input encoding file
)) (./rhosp.aux)
\openout1 = `rhosp.aux'.

LaTeX Font Info:    Checking defaults for OML/cmm/m/it on input line 58.
LaTeX Font Info:    ... okay on input line 58.
LaTeX Font Info:    Checking defaults for T1/cmr/m/n on input line 58.
LaTeX Font Info:    ... okay on input line 58.
LaTeX Font Info:    Checking defaults for OT1/cmr/m/n on input line 58.
LaTeX Font Info:    ... okay on input line 58.
LaTeX Font Info:    Checking defaults for OMS/cmsy/m/n on input line 58.
LaTeX Font Info:    ... okay on input line 58.
LaTeX Font Info:    Checking defaults for OMX/cmex/m/n on input line 58.
LaTeX Font Info:    ... okay on input line 58.
LaTeX Font Info:    Checking defaults for U/cmr/m/n on input line 58.
LaTeX Font Info:    ... okay on input line 58.
LaTeX Font Info:    Checking defaults for TS1/cmr/m/n on input line 58.
LaTeX Font Info:    Try loading font information for TS1+cmr on input line 58.

(/usr/local/texlive/2007/texmf-dist/tex/latex/base/ts1cmr.fd
File: ts1cmr.fd 1999/05/25 v2.5h Standard LaTeX font definitions
)
LaTeX Font Info:    ... okay on input line 58.

(/usr/local/texlive/2007/texmf-dist/tex/context/base/supp-pdf.tex
[Loading MPS to PDF converter (version 2006.09.02).]
\scratchcounter=\count103
\scratchdimen=\dimen118
\scratchbox=\box29
\nofMPsegments=\count104
\nofMParguments=\count105
\MPscratchCnt=\count106
\MPscratchDim=\dimen119
\MPnumerator=\count107
\everyMPtoPDFconversion=\toks28
)
LaTeX Font Info:    Try loading font information for U+lasy on input line 64.
 (/usr/local/texlive/2007/texmf-dist/tex/latex/base/ulasy.fd
File: ulasy.fd 1998/08/17 v2.2e LaTeX symbol font definitions
)
LaTeX Font Info:    Try loading font information for U+msa on input line 64.

(/usr/local/texlive/2007/texmf-dist/tex/latex/amsfonts/umsa.fd
File: umsa.fd 2002/01/19 v2.2g AMS font definitions
)
LaTeX Font Info:    Try loading font information for U+msb on input line 64.

(/usr/local/texlive/2007/texmf-dist/tex/latex/amsfonts/umsb.fd
File: umsb.fd 2002/01/19 v2.2g AMS font definitions
) [1

{/Users/christophedutang/.texlive2007/texmf-var/fonts/map/pdftex/updmap/pdftex.
map}]
(./rhosp.toc
LaTeX Font Info:    Try loading font information for OT1+pcr on input line 22.
 (/usr/local/texlive/2007/texmf-dist/tex/latex/psnfss/ot1pcr.fd
File: ot1pcr.fd 2001/06/04 font definitions for OT1/pcr.
)
LaTeX Font Info:    Font shape `OT1/pcr/bx/n' in size <12> not available
(Font)              Font shape `OT1/pcr/b/n' tried instead on input line 22.

[2])
\tf@toc=\write4
\openout4 = `rhosp.toc'.

 [3]
Underfull \hbox (badness 10000) in paragraph at lines 73--75

 []


Underfull \hbox (badness 10000) in paragraph at lines 76--78

 []


Underfull \hbox (badness 10000) in paragraph at lines 79--80

 []


Underfull \hbox (badness 10000) in paragraph at lines 81--82

 []

[4]
Underfull \hbox (badness 10000) in paragraph at lines 96--97

 []


Underfull \hbox (badness 10000) in paragraph at lines 98--100

 []


Underfull \hbox (badness 10000) in paragraph at lines 107--110

 []


Underfull \hbox (badness 10000) in paragraph at lines 111--112

 []

[5

] <mod1.pdf, id=30, 375.4025pt x 277.035pt>
File: mod1.pdf Graphic file (type pdf)
 <use mod1.pdf>
Underfull \hbox (badness 10000) in paragraph at lines 148--149

 []


Underfull \hbox (badness 10000) in paragraph at lines 150--153

 []

[6 <./mod1.pdf>] [7]
Underfull \hbox (badness 10000) in paragraph at lines 211--212

 []

[8]
Underfull \hbox (badness 10000) in paragraph at lines 248--251

 []

[9]
Underfull \hbox (badness 10000) in paragraph at lines 273--274

 []

<mod2.pdf, id=56, 647.41875pt x 426.59375pt>
File: mod2.pdf Graphic file (type pdf)
 <use mod2.pdf> [10 <./mod2.pdf>]
Underfull \hbox (badness 10000) in paragraph at lines 308--312

 []


Underfull \hbox (badness 10000) in paragraph at lines 319--320

 []

[11] <image_mod1_exp13_exp15_1000_1000.pdf, id=71, 518.93875pt x 517.935pt>
File: image_mod1_exp13_exp15_1000_1000.pdf Graphic file (type pdf)

<use image_mod1_exp13_exp15_1000_1000.pdf>
<image_mod1_exp13_cst13_1000_1000.pdf, id=72, 518.93875pt x 517.935pt>
File: image_mod1_exp13_cst13_1000_1000.pdf Graphic file (type pdf)

<use image_mod1_exp13_cst13_1000_1000.pdf>
<image_mod1_exp13_expcomp13_15_110_1000_1000.pdf, id=73, 518.93875pt x 517.935p
t>
File: image_mod1_exp13_expcomp13_15_110_1000_1000.pdf Graphic file (type pdf)
 <use image_mod1_exp13_expcomp13_15_110_1000_1000.pdf>
<image_mod1_exp13_gamma3_13_1000_1000.pdf, id=74, 486.81876pt x 476.78125pt>
File: image_mod1_exp13_gamma3_13_1000_1000.pdf Graphic file (type pdf)

<use image_mod1_exp13_gamma3_13_1000_1000.pdf>
Overfull \hbox (81.81482pt too wide) has occurred while \output is active
\OT1/cmr/m/n/12 12 \OT1/cmr/m/sl/12 3 ESTIMATION AND QUANTIFICATION BY SIMULATI
ONS OF THE RISK CONSTANT $\OML/cmm/m/it/12 R$
 []

[12

 <./image_mod1_exp13_exp15_1000_1000.pdf> <./image_mod1_exp13_cst13_1000_1000.p
df>] [13 <./image_mod1_exp13_expcomp13_15_110_1000_1000.pdf> <./image_mod1_exp1
3_gamma3_13_1000_1000.pdf>]
<image_adequat_exp120_unif020.pdf, id=150, 375.4025pt x 374.39874pt>
File: image_adequat_exp120_unif020.pdf Graphic file (type pdf)

<use image_adequat_exp120_unif020.pdf>
<image_adequat_exp13_lnorm14_1.pdf, id=151, 375.4025pt x 374.39874pt>
File: image_adequat_exp13_lnorm14_1.pdf Graphic file (type pdf)

<use image_adequat_exp13_lnorm14_1.pdf>
Overfull \hbox (47.81255pt too wide) in paragraph at lines 442--446
[]$[]$ 
 []


Overfull \hbox (81.81482pt too wide) has occurred while \output is active
\OT1/cmr/m/n/12 14 \OT1/cmr/m/sl/12 3 ESTIMATION AND QUANTIFICATION BY SIMULATI
ONS OF THE RISK CONSTANT $\OML/cmm/m/it/12 R$
 []

[14 <./image_adequat_exp120_unif020.pdf> <./image_adequat_exp13_lnorm14_1.pdf>]
<image_mod2_exp13_exp15.pdf, id=171, 518.93875pt x 517.935pt>
File: image_mod2_exp13_exp15.pdf Graphic file (type pdf)

<use image_mod2_exp13_exp15.pdf>
Underfull \hbox (badness 10000) in paragraph at lines 473--475

 []


Underfull \hbox (badness 10000) in paragraph at lines 476--479

 []


Underfull \hbox (badness 10000) in paragraph at lines 492--495

 []

[15 <./image_mod2_exp13_exp15.pdf>]
Underfull \hbox (badness 10000) in paragraph at lines 496--510

 []


Underfull \hbox (badness 10000) in paragraph at lines 511--516

 []


Overfull \hbox (81.81482pt too wide) has occurred while \output is active
\OT1/cmr/m/n/12 16 \OT1/cmr/m/sl/12 3 ESTIMATION AND QUANTIFICATION BY SIMULATI
ONS OF THE RISK CONSTANT $\OML/cmm/m/it/12 R$
 []

[16] [17]
Underfull \vbox (badness 10000) has occurred while \output is active []


Overfull \hbox (81.81482pt too wide) has occurred while \output is active
\OT1/cmr/m/n/12 18 \OT1/cmr/m/sl/12 3 ESTIMATION AND QUANTIFICATION BY SIMULATI
ONS OF THE RISK CONSTANT $\OML/cmm/m/it/12 R$
 []

[18]
Underfull \hbox (badness 10000) in paragraph at lines 643--644

 []


Underfull \hbox (badness 10000) in paragraph at lines 645--647

 []


Underfull \hbox (badness 10000) in paragraph at lines 648--649

 []

[19] <d100exp_exp.pdf, id=205, 433.62pt x 433.62pt>
File: d100exp_exp.pdf Graphic file (type pdf)
 <use d100exp_exp.pdf>
<d1000exp_exp.pdf, id=206, 433.62pt x 433.62pt>
File: d1000exp_exp.pdf Graphic file (type pdf)
 <use d1000exp_exp.pdf>
Overfull \hbox (47.81255pt too wide) in paragraph at lines 688--691
[]$[]$ 
 []


Overfull \hbox (81.81482pt too wide) has occurred while \output is active
\OT1/cmr/m/n/12 20 \OT1/cmr/m/sl/12 3 ESTIMATION AND QUANTIFICATION BY SIMULATI
ONS OF THE RISK CONSTANT $\OML/cmm/m/it/12 R$
 []

[20 <./d100exp_exp.pdf> <./d1000exp_exp.pdf>]
LaTeX Font Info:    Font shape `OT1/pcr/bx/n' in size <17.28> not available
(Font)              Font shape `OT1/pcr/b/n' tried instead on input line 697.
LaTeX Font Info:    Font shape `OT1/pcr/bx/n' in size <14.4> not available
(Font)              Font shape `OT1/pcr/b/n' tried instead on input line 706.

Overfull \hbox (21.94316pt too wide) in paragraph at lines 719--719
 []\OT1/pcr/m/n/10 mainSimul<-function(nbBed,nbPatient,disXi,disP,toplot=FALSE,
calc=TRUE) 
 []

[21

] [22]
Underfull \hbox (badness 10000) in paragraph at lines 761--763

 []


Underfull \hbox (badness 10000) in paragraph at lines 764--766

 []

[23

] [24

] [25]
Overfull \hbox (13.70625pt too wide) detected at line 912
[] \OMS/cmsy/m/n/10 $ [] $ []
 []

[26] [27] (./rhosp.aux) ) 
Here is how much of TeX's memory you used:
 3135 strings out of 94073
 43029 string characters out of 1162984
 91662 words of memory out of 1500000
 6331 multiletter control sequences out of 10000+50000
 20356 words of font info for 82 fonts, out of 1200000 for 2000
 645 hyphenation exceptions out of 8191
 33i,12n,22p,927b,346s stack positions out of 5000i,500n,6000p,200000b,5000s
{/usr/local/texlive/2007/texmf-dist/fonts/enc/dvips/cm
-super/cm-super-ts1.enc}{/usr/local/texlive/2007/texmf-dist/fonts/enc/dvips/bas
e/8r.enc}</usr/local/texlive/2007/texmf-dist/fonts/type1/bluesky/cm/cmbx12.pfb>
</usr/local/texlive/2007/texmf-dist/fonts/type1/bluesky/cm/cmcsc10.pfb></usr/lo
cal/texlive/2007/texmf-dist/fonts/type1/bluesky/cm/cmex10.pfb></usr/local/texli
ve/2007/texmf-dist/fonts/type1/bluesky/cm/cmmi10.pfb></usr/local/texlive/2007/t
exmf-dist/fonts/type1/bluesky/cm/cmmi12.pfb></usr/local/texlive/2007/texmf-dist
/fonts/type1/bluesky/cm/cmmi5.pfb></usr/local/texlive/2007/texmf-dist/fonts/typ
e1/bluesky/cm/cmmi6.pfb></usr/local/texlive/2007/texmf-dist/fonts/type1/bluesky
/cm/cmmi7.pfb></usr/local/texlive/2007/texmf-dist/fonts/type1/bluesky/cm/cmmi8.
pfb></usr/local/texlive/2007/texmf-dist/fonts/type1/bluesky/cm/cmr10.pfb></usr/
local/texlive/2007/texmf-dist/fonts/type1/bluesky/cm/cmr12.pfb></usr/local/texl
ive/2007/texmf-dist/fonts/type1/bluesky/cm/cmr17.pfb></usr/local/texlive/2007/t
exmf-dist/fonts/type1/bluesky/cm/cmr5.pfb></usr/local/texlive/2007/texmf-dist/f
onts/type1/bluesky/cm/cmr6.pfb></usr/local/texlive/2007/texmf-dist/fonts/type1/
bluesky/cm/cmr7.pfb></usr/local/texlive/2007/texmf-dist/fonts/type1/bluesky/cm/
cmr8.pfb></usr/local/texlive/2007/texmf-dist/fonts/type1/bluesky/cm/cmsl12.pfb>
</usr/local/texlive/2007/texmf-dist/fonts/type1/bluesky/cm/cmss17.pfb></usr/loc
al/texlive/2007/texmf-dist/fonts/type1/bluesky/cm/cmsy10.pfb></usr/local/texliv
e/2007/texmf-dist/fonts/type1/bluesky/cm/cmsy7.pfb></usr/local/texlive/2007/tex
mf-dist/fonts/type1/bluesky/cm/cmsy8.pfb></usr/local/texlive/2007/texmf-dist/fo
nts/type1/public/cmex/fmex7.pfb></usr/local/texlive/2007/texmf-dist/fonts/type1
/bluesky/ams/msbm10.pfb></usr/local/texlive/2007/texmf-dist/fonts/type1/bluesky
/ams/msbm7.pfb></usr/local/texlive/2007/texmf-dist/fonts/type1/public/cm-super/
sfrm1200.pfb></usr/local/texlive/2007/texmf-dist/fonts/type1/public/cm-super/sf
rm1440.pfb></usr/local/texlive/2007/texmf-dist/fonts/type1/public/cm-super/sfsl
1200.pfb></usr/local/texlive/2007/texmf-dist/fonts/type1/urw/courier/ucrb8a.pfb
></usr/local/texlive/2007/texmf-dist/fonts/type1/urw/courier/ucrr8a.pfb></usr/l
ocal/texlive/2007/texmf-dist/fonts/type1/urw/courier/ucrro8a.pfb>
Output written on rhosp.pdf (27 pages, 484357 bytes).
PDF statistics:
 363 PDF objects out of 1000 (max. 8388607)
 0 named destinations out of 1000 (max. 131072)
 56 words of extra memory for PDF output out of 10000 (max. 10000000)

